Flow report for hbirdv2e203_SoC
Fri Apr 26 14:35:42 2024
Quartus Prime Version 18.1.0 Build 625 09/12/2018 SJ Standard Edition


---------------------
; Table of Contents ;
---------------------
  1. Legal Notice
  2. Flow Summary
  3. Flow Settings
  4. Flow Non-Default Global Settings
  5. Flow Elapsed Time
  6. Flow OS Summary
  7. Flow Log
  8. Flow Messages
  9. Flow Suppressed Messages



----------------
; Legal Notice ;
----------------
Copyright (C) 2018  Intel Corporation. All rights reserved.
Your use of Intel Corporation's design tools, logic functions 
and other software and tools, and its AMPP partner logic 
functions, and any output files from any of the foregoing 
(including device programming or simulation files), and any 
associated documentation or information are expressly subject 
to the terms and conditions of the Intel Program License 
Subscription Agreement, the Intel Quartus Prime License Agreement,
the Intel FPGA IP License Agreement, or other applicable license
agreement, including, without limitation, that your use is for
the sole purpose of programming logic devices manufactured by
Intel and sold by Intel or its authorized distributors.  Please
refer to the applicable agreement for further details.



+--------------------------------------------------------------------------------------+
; Flow Summary                                                                         ;
+------------------------------------+-------------------------------------------------+
; Flow Status                        ; Flow Failed - Fri Apr 26 14:35:42 2024          ;
; Quartus Prime Version              ; 18.1.0 Build 625 09/12/2018 SJ Standard Edition ;
; Revision Name                      ; hbirdv2e203_SoC                                 ;
; Top-level Entity Name              ; e203_soc_top                                    ;
; Family                             ; Cyclone IV E                                    ;
; Device                             ; EP4CE10F17C8                                    ;
; Timing Models                      ; Final                                           ;
; Total logic elements               ; 26,582 / 10,320 ( 258 % )                       ;
;     Total combinational functions  ; 19,330 / 10,320 ( 187 % )                       ;
;     Dedicated logic registers      ; 11,550 / 10,320 ( 112 % )                       ;
; Total registers                    ; 11550                                           ;
; Total pins                         ; 223 / 180 ( 124 % )                             ;
; Total virtual pins                 ; 0                                               ;
; Total memory bits                  ; 1,048,576 / 423,936 ( 247 % )                   ;
; Embedded Multiplier 9-bit elements ; 0 / 46 ( 0 % )                                  ;
; Total PLLs                         ; 0 / 2 ( 0 % )                                   ;
+------------------------------------+-------------------------------------------------+


+-----------------------------------------+
; Flow Settings                           ;
+-------------------+---------------------+
; Option            ; Setting             ;
+-------------------+---------------------+
; Start date & time ; 04/26/2024 14:32:20 ;
; Main task         ; Compilation         ;
; Revision Name     ; hbirdv2e203_SoC     ;
+-------------------+---------------------+


+--------------------------------------------------------------------------------------------------------------------------------+
; Flow Non-Default Global Settings                                                                                               ;
+-------------------------------------+----------------------------------------+-----------------+--------------+----------------+
; Assignment Name                     ; Value                                  ; Default Value   ; Entity Name  ; Section Id     ;
+-------------------------------------+----------------------------------------+-----------------+--------------+----------------+
; COMPILER_SIGNATURE_ID               ; 1096986950224.171411314001148          ; --              ; --           ; --             ;
; EDA_OUTPUT_DATA_FORMAT              ; Verilog Hdl                            ; --              ; --           ; eda_simulation ;
; EDA_SIMULATION_TOOL                 ; ModelSim (Verilog)                     ; <None>          ; --           ; --             ;
; EDA_TIME_SCALE                      ; 1 ps                                   ; --              ; --           ; eda_simulation ;
; MAX_CORE_JUNCTION_TEMP              ; 85                                     ; --              ; --           ; --             ;
; MIN_CORE_JUNCTION_TEMP              ; 0                                      ; --              ; --           ; --             ;
; NOMINAL_CORE_SUPPLY_VOLTAGE         ; 1.2V                                   ; --              ; --           ; --             ;
; PARTITION_COLOR                     ; -- (Not supported for targeted family) ; --              ; e203_soc_top ; Top            ;
; PARTITION_FITTER_PRESERVATION_LEVEL ; -- (Not supported for targeted family) ; --              ; e203_soc_top ; Top            ;
; PARTITION_NETLIST_TYPE              ; -- (Not supported for targeted family) ; --              ; e203_soc_top ; Top            ;
; POWER_BOARD_THERMAL_MODEL           ; None (CONSERVATIVE)                    ; --              ; --           ; --             ;
; POWER_PRESET_COOLING_SOLUTION       ; 23 MM HEAT SINK WITH 200 LFPM AIRFLOW  ; --              ; --           ; --             ;
; PROJECT_OUTPUT_DIRECTORY            ; output_files                           ; --              ; --           ; --             ;
; TOP_LEVEL_ENTITY                    ; e203_soc_top                           ; hbirdv2e203_SoC ; --           ; --             ;
+-------------------------------------+----------------------------------------+-----------------+--------------+----------------+


+--------------------------------------------------------------------------------------------------------------------------+
; Flow Elapsed Time                                                                                                        ;
+----------------------+--------------+-------------------------+---------------------+------------------------------------+
; Module Name          ; Elapsed Time ; Average Processors Used ; Peak Virtual Memory ; Total CPU Time (on all processors) ;
+----------------------+--------------+-------------------------+---------------------+------------------------------------+
; Analysis & Synthesis ; 00:03:03     ; 1.0                     ; 7005 MB             ; 00:03:10                           ;
; Fitter               ; 00:00:16     ; 1.0                     ; 5552 MB             ; 00:00:16                           ;
; Total                ; 00:03:19     ; --                      ; --                  ; 00:03:26                           ;
+----------------------+--------------+-------------------------+---------------------+------------------------------------+


+------------------------------------------------------------------------------------+
; Flow OS Summary                                                                    ;
+----------------------+------------------+------------+------------+----------------+
; Module Name          ; Machine Hostname ; OS Name    ; OS Version ; Processor type ;
+----------------------+------------------+------------+------------+----------------+
; Analysis & Synthesis ; DESKTOP-SAH5QLG  ; Windows 10 ; 10.0       ; x86_64         ;
; Fitter               ; DESKTOP-SAH5QLG  ; Windows 10 ; 10.0       ; x86_64         ;
+----------------------+------------------+------------+------------+----------------+


------------
; Flow Log ;
------------
quartus_map --read_settings_files=on --write_settings_files=off hbirdv2e203_SoC -c hbirdv2e203_SoC
quartus_fit --read_settings_files=off --write_settings_files=off hbirdv2e203_SoC -c hbirdv2e203_SoC



